Name: CCTV-1, URL: http://[2409:8087:1a0a:df::4038]/ottrrs.hl.chinamobile.com/TVOD/88888888/224/3221226016/index.m3u8, Date: None, Resolution: None, Response Time: 1313 ms
Name: CCTV-1, URL: http://[2409:8087:1a0a:df::4031]:80/wh7f454c46tw705163907_345094122/ottrrs.hl.chinamobile.com/PLTV/88888888/224/3221226016/index.m3u8, Date: None, Resolution: None, Response Time: 3883 ms
Name: CCTV-1, URL: http://[2409:8087:1a0a:df::4031]:80/wh7f454c46tw705163907_345094122/ottrrs.hl.chinamobile.com/PLTV/88888888/224/3221226016/index.m3u8?icpid=88888888&RTS=1713967534&from=4&hms_devid=1143&online=1713967534&vqe=3, Date: None, Resolution: None, Response Time: 3883 ms
Name: CCTV-1, URL: http://[2409:8087:1a0a:df::4031]/ottrrs.hl.chinamobile.com/PLTV/88888888/224/3221226016/index.m3u8, Date: None, Resolution: None, Response Time: 3883 ms
Name: CCTV-1, URL: http://[2409:8087:1a0a:df::4038]/ottrrs.hl.chinamobile.com/TVOD/88888888/224/3221226559/index.m3u8, Date: None, Resolution: None, Response Time: 1313 ms
Name: CCTV-1, URL: http://[2409:8087:1a0a:df::4031]/ottrrs.hl.chinamobile.com/PLTV/88888888/224/3221226016/index.m3u8, Date: None, Resolution: None, Response Time: 3883 ms
Name: CCTV-1, URL: http://[2409:8087:1a0a:df::4038]/ottrrs.hl.chinamobile.com/TVOD/88888888/224/3221226016/index.m3u8, Date: None, Resolution: None, Response Time: 1313 ms
Name: CCTV-1, URL: http://[2409:8087:1a0a:df::4031]:80/wh7f454c46tw705163907_345094122/ottrrs.hl.chinamobile.com/PLTV/88888888/224/3221226016/index.m3u8, Date: None, Resolution: None, Response Time: 3883 ms
Name: CCTV-1, URL: http://[2409:8087:1a0a:df::4031]:80/wh7f454c46tw705163907_345094122/ottrrs.hl.chinamobile.com/PLTV/88888888/224/3221226016/index.m3u8?icpid=88888888&RTS=1713967534&from=4&hms_devid=1143&online=1713967534&vqe=3, Date: None, Resolution: None, Response Time: 3883 ms
Name: CCTV-1, URL: http://[2409:8087:1a0a:df::4038]/ottrrs.hl.chinamobile.com/TVOD/88888888/224/3221226559/index.m3u8, Date: None, Resolution: None, Response Time: 1313 ms
Name: CCTV-2, URL: http://[2409:8087:1a0a:df::4038]/ottrrs.hl.chinamobile.com/TVOD/88888888/224/3221225588/index.m3u8, Date: None, Resolution: None, Response Time: 1313 ms
Name: CCTV-2, URL: http://[2409:8087:1a0a:df::4031]/ottrrs.hl.chinamobile.com/PLTV/88888888/224/3221225588/index.m3u8, Date: None, Resolution: None, Response Time: 3883 ms
Name: CCTV-2, URL: http://[2409:8087:1a0a:df::4031]/ottrrs.hl.chinamobile.com/PLTV/88888888/224/3221225588/index.m3u8, Date: None, Resolution: None, Response Time: 3883 ms
Name: CCTV-2, URL: http://[2409:8087:1a0a:df::4038]/ottrrs.hl.chinamobile.com/TVOD/88888888/224/3221225588/index.m3u8, Date: None, Resolution: None, Response Time: 1313 ms
Name: CCTV-3, URL: http://[2409:8087:1a0a:df::4031]/ottrrs.hl.chinamobile.com/PLTV/88888888/224/3221226021/index.m3u8, Date: None, Resolution: None, Response Time: 3883 ms
Name: CCTV-3, URL: http://[2409:8087:1a0a:df::4038]/ottrrs.hl.chinamobile.com/TVOD/88888888/224/3221226021/index.m3u8, Date: None, Resolution: None, Response Time: 1313 ms
Name: CCTV-3, URL: http://[2409:8087:1a0a:df::4038]/ottrrs.hl.chinamobile.com/TVOD/88888888/224/3221226021/index.m3u8, Date: None, Resolution: None, Response Time: 1313 ms
Name: CCTV-3, URL: http://[2409:8087:1a0a:df::4031]/ottrrs.hl.chinamobile.com/PLTV/88888888/224/3221226021/index.m3u8, Date: None, Resolution: None, Response Time: 3883 ms
Name: CCTV-4, URL: http://[2409:8087:1a0a:df::4031]/ottrrs.hl.chinamobile.com/PLTV/88888888/224/3221226007/index.m3u8, Date: None, Resolution: None, Response Time: 3883 ms
Name: CCTV-4, URL: http://[2409:8087:1a0a:df::4038]/ottrrs.hl.chinamobile.com/TVOD/88888888/224/3221226007/index.m3u8, Date: None, Resolution: None, Response Time: 1313 ms
Name: CCTV-4, URL: http://[2409:8087:1a0a:df::4031]:80/ottrrs.hl.chinamobile.com/PLTV/88888888/224/3221226428/index.m3u8, Date: None, Resolution: None, Response Time: 3883 ms
Name: CCTV-4, URL: http://[2409:8087:1a0a:df::4031]/ottrrs.hl.chinamobile.com/PLTV/88888888/224/3221226007/index.m3u8, Date: None, Resolution: None, Response Time: 3883 ms
Name: CCTV-4, URL: http://[2409:8087:1a0a:df::4031]:80/ottrrs.hl.chinamobile.com/PLTV/88888888/224/3221226428/index.m3u8, Date: None, Resolution: None, Response Time: 3883 ms
Name: CCTV-4, URL: http://[2409:8087:1a0a:df::4038]/ottrrs.hl.chinamobile.com/TVOD/88888888/224/3221226007/index.m3u8, Date: None, Resolution: None, Response Time: 1313 ms
Name: CCTV-5, URL: http://[2409:8087:1a0a:df::4031]/ottrrs.hl.chinamobile.com/PLTV/88888888/224/3221226019/index.m3u8, Date: None, Resolution: None, Response Time: 3883 ms
Name: CCTV-5, URL: http://[2409:8087:1a0a:df::4038]/ottrrs.hl.chinamobile.com/TVOD/88888888/224/3221226019/index.m3u8, Date: None, Resolution: None, Response Time: 1313 ms
Name: CCTV-5, URL: http://[2409:8087:1a0a:df::4038]/ottrrs.hl.chinamobile.com/TVOD/88888888/224/3221226469/index.m3u8, Date: None, Resolution: None, Response Time: 1313 ms
Name: CCTV-5, URL: http://[2409:8087:1a0a:df::4038]/ottrrs.hl.chinamobile.com/TVOD/88888888/224/3221226019/index.m3u8, Date: None, Resolution: None, Response Time: 1313 ms
Name: CCTV-5, URL: http://[2409:8087:1a0a:df::4031]/ottrrs.hl.chinamobile.com/PLTV/88888888/224/3221226019/index.m3u8, Date: None, Resolution: None, Response Time: 3883 ms
Name: CCTV-5, URL: http://[2409:8087:1a0a:df::4038]/ottrrs.hl.chinamobile.com/TVOD/88888888/224/3221226469/index.m3u8, Date: None, Resolution: None, Response Time: 1313 ms
Name: CCTV-5+, URL: http://[2409:8087:1a0a:df::4031]/ottrrs.hl.chinamobile.com/PLTV/88888888/224/3221225603/index.m3u8, Date: None, Resolution: None, Response Time: 3883 ms
Name: CCTV-5+, URL: http://[2409:8087:1a0a:df::4038]/ottrrs.hl.chinamobile.com/TVOD/88888888/224/3221225603/index.m3u8, Date: None, Resolution: None, Response Time: 1313 ms
Name: CCTV-5+, URL: http://[2409:8087:1a0a:df::4038]/ottrrs.hl.chinamobile.com/TVOD/88888888/224/3221225603/index.m3u8, Date: None, Resolution: None, Response Time: 1313 ms
Name: CCTV-5+, URL: http://[2409:8087:1a0a:df::4031]/ottrrs.hl.chinamobile.com/PLTV/88888888/224/3221225603/index.m3u8, Date: None, Resolution: None, Response Time: 3883 ms
Name: CCTV-6, URL: http://[2409:8087:1a0a:df::4038]/ottrrs.hl.chinamobile.com/TVOD/88888888/224/3221226010/index.m3u8, Date: None, Resolution: None, Response Time: 1313 ms
Name: CCTV-6, URL: http://[2409:8087:1a0a:df::4038]:80/wh7f454c46tw1592771597_580809367/ottrrs.hl.chinamobile.com/PLTV/88888888/224/3221226010/index.m3u8?icpid=88888888&RTS=1713968421&from=4&hms_devid=1211&online=1713968421&vqe=3, Date: None, Resolution: None, Response Time: 1313 ms
Name: CCTV-6, URL: http://[2409:8087:1a0a:df::4038]:80/wh7f454c46tw1592771597_580809367/ottrrs.hl.chinamobile.com/PLTV/88888888/224/3221226010/index.m3u8, Date: None, Resolution: None, Response Time: 1313 ms
Name: CCTV-6, URL: http://[2409:8087:1a0a:df::4031]/ottrrs.hl.chinamobile.com/PLTV/88888888/224/3221226010/index.m3u8, Date: None, Resolution: None, Response Time: 3883 ms
Name: CCTV-6, URL: http://[2409:8087:1a0a:df::4038]:80/wh7f454c46tw1592771597_580809367/ottrrs.hl.chinamobile.com/PLTV/88888888/224/3221226010/index.m3u8?icpid=88888888&RTS=1713968421&from=4&hms_devid=1211&online=1713968421&vqe=3, Date: None, Resolution: None, Response Time: 1313 ms
Name: CCTV-6, URL: http://[2409:8087:1a0a:df::4038]:80/wh7f454c46tw1592771597_580809367/ottrrs.hl.chinamobile.com/PLTV/88888888/224/3221226010/index.m3u8, Date: None, Resolution: None, Response Time: 1313 ms
Name: CCTV-6, URL: http://[2409:8087:1a0a:df::4038]/ottrrs.hl.chinamobile.com/TVOD/88888888/224/3221226010/index.m3u8, Date: None, Resolution: None, Response Time: 1313 ms
Name: CCTV-6, URL: http://[2409:8087:1a0a:df::4031]/ottrrs.hl.chinamobile.com/PLTV/88888888/224/3221226010/index.m3u8, Date: None, Resolution: None, Response Time: 3883 ms
Name: CCTV-7, URL: http://[2409:8087:1a0a:df::4031]/ottrrs.hl.chinamobile.com/PLTV/88888888/224/3221225733/index.m3u8, Date: None, Resolution: None, Response Time: 3883 ms
Name: CCTV-7, URL: http://[2409:8087:1a0a:df::4038]/ottrrs.hl.chinamobile.com/TVOD/88888888/224/3221225733/index.m3u8, Date: None, Resolution: None, Response Time: 1313 ms
Name: CCTV-7, URL: http://[2409:8087:1a0a:df::4031]/ottrrs.hl.chinamobile.com/PLTV/88888888/224/3221225733/index.m3u8, Date: None, Resolution: None, Response Time: 3883 ms
Name: CCTV-7, URL: http://[2409:8087:1a0a:df::4038]/ottrrs.hl.chinamobile.com/TVOD/88888888/224/3221225733/index.m3u8, Date: None, Resolution: None, Response Time: 1313 ms
Name: CCTV-8, URL: http://[2409:8087:1a0a:df::4031]/ottrrs.hl.chinamobile.com/PLTV/88888888/224/3221226008/index.m3u8, Date: None, Resolution: None, Response Time: 3883 ms
Name: CCTV-8, URL: http://[2409:8087:1a0a:df::4038]/ottrrs.hl.chinamobile.com/TVOD/88888888/224/3221226008/index.m3u8, Date: None, Resolution: None, Response Time: 1313 ms
Name: CCTV-8, URL: http://[2409:8087:1a0a:df::4038]/ottrrs.hl.chinamobile.com/TVOD/88888888/224/3221226008/index.m3u8, Date: None, Resolution: None, Response Time: 1313 ms
Name: CCTV-8, URL: http://[2409:8087:1a0a:df::4031]/ottrrs.hl.chinamobile.com/PLTV/88888888/224/3221226008/index.m3u8, Date: None, Resolution: None, Response Time: 3883 ms
Name: CCTV-9, URL: http://[2409:8087:1a0a:df::4031]/ottrrs.hl.chinamobile.com/PLTV/88888888/224/3221225734/index.m3u8, Date: None, Resolution: None, Response Time: 3883 ms
Name: CCTV-9, URL: http://[2409:8087:1a0a:df::4038]/ottrrs.hl.chinamobile.com/TVOD/88888888/224/3221225734/index.m3u8, Date: None, Resolution: None, Response Time: 1313 ms
Name: CCTV-9, URL: http://[2409:8087:1a0a:df::4038]/ottrrs.hl.chinamobile.com/TVOD/88888888/224/3221225734/index.m3u8, Date: None, Resolution: None, Response Time: 1313 ms
Name: CCTV-9, URL: http://[2409:8087:1a0a:df::4031]/ottrrs.hl.chinamobile.com/PLTV/88888888/224/3221225734/index.m3u8, Date: None, Resolution: None, Response Time: 3883 ms
Name: CCTV-10, URL: http://[2409:8087:1a0a:df::4031]/ottrrs.hl.chinamobile.com/PLTV/88888888/224/3221225730/index.m3u8, Date: None, Resolution: None, Response Time: 3883 ms
Name: CCTV-10, URL: http://[2409:8087:1a0a:df::4038]/ottrrs.hl.chinamobile.com/TVOD/88888888/224/3221225730/index.m3u8, Date: None, Resolution: None, Response Time: 1313 ms
Name: CCTV-10, URL: http://[2409:8087:1a0a:df::4038]/ottrrs.hl.chinamobile.com/TVOD/88888888/224/3221225730/index.m3u8, Date: None, Resolution: None, Response Time: 1313 ms
Name: CCTV-10, URL: http://[2409:8087:1a0a:df::4031]/ottrrs.hl.chinamobile.com/PLTV/88888888/224/3221225730/index.m3u8, Date: None, Resolution: None, Response Time: 3883 ms
Name: CCTV-11, URL: http://[2409:8087:1a0a:df::4038]/ottrrs.hl.chinamobile.com/TVOD/88888888/224/3221225597/index.m3u8, Date: None, Resolution: None, Response Time: 1313 ms
Name: CCTV-11, URL: http://[2409:8087:1a0a:df::4031]/ottrrs.hl.chinamobile.com/PLTV/88888888/224/3221225597/index.m3u8, Date: None, Resolution: None, Response Time: 3883 ms
Name: CCTV-11, URL: http://[2409:8087:1a0a:df::4038]/ottrrs.hl.chinamobile.com/TVOD/88888888/224/3221225597/index.m3u8, Date: None, Resolution: None, Response Time: 1313 ms
Name: CCTV-11, URL: http://[2409:8087:1a0a:df::4031]/ottrrs.hl.chinamobile.com/PLTV/88888888/224/3221225597/index.m3u8, Date: None, Resolution: None, Response Time: 3883 ms
Name: CCTV-12, URL: http://[2409:8087:1a0a:df::4031]/ottrrs.hl.chinamobile.com/PLTV/88888888/224/3221225731/index.m3u8, Date: None, Resolution: None, Response Time: 3883 ms
Name: CCTV-12, URL: http://[2409:8087:1a0a:df::4038]/ottrrs.hl.chinamobile.com/TVOD/88888888/224/3221225731/index.m3u8, Date: None, Resolution: None, Response Time: 1313 ms
Name: CCTV-12, URL: http://[2409:8087:1a0a:df::4031]/ottrrs.hl.chinamobile.com/PLTV/88888888/224/3221225731/index.m3u8, Date: None, Resolution: None, Response Time: 3883 ms
Name: CCTV-12, URL: http://[2409:8087:1a0a:df::4038]/ottrrs.hl.chinamobile.com/TVOD/88888888/224/3221225731/index.m3u8, Date: None, Resolution: None, Response Time: 1313 ms
Name: CCTV-13, URL: http://[2409:8087:1a0a:df::4038]/ottrrs.hl.chinamobile.com/TVOD/88888888/224/3221226011/index.m3u8, Date: None, Resolution: None, Response Time: 1313 ms
Name: CCTV-13, URL: http://[2409:8087:1a0a:df::4038]/ottrrs.hl.chinamobile.com/TVOD/88888888/224/3221226537/index.m3u8, Date: None, Resolution: None, Response Time: 1313 ms
Name: CCTV-13, URL: http://[2409:8087:1a0a:df::4031]/ottrrs.hl.chinamobile.com/PLTV/88888888/224/3221226537/index.m3u8, Date: None, Resolution: None, Response Time: 3883 ms
Name: CCTV-13, URL: http://[2409:8087:1a0a:df::4038]/ottrrs.hl.chinamobile.com/TVOD/88888888/224/3221226571/index.m3u8, Date: None, Resolution: None, Response Time: 1313 ms
Name: CCTV-13, URL: http://[2409:8087:1a0a:df::4038]/ottrrs.hl.chinamobile.com/TVOD/88888888/224/3221226571/index.m3u8, Date: None, Resolution: None, Response Time: 1313 ms
Name: CCTV-13, URL: http://[2409:8087:1a0a:df::4038]/ottrrs.hl.chinamobile.com/TVOD/88888888/224/3221226537/index.m3u8, Date: None, Resolution: None, Response Time: 1313 ms
Name: CCTV-13, URL: http://[2409:8087:1a0a:df::4031]/ottrrs.hl.chinamobile.com/PLTV/88888888/224/3221226537/index.m3u8, Date: None, Resolution: None, Response Time: 3883 ms
Name: CCTV-13, URL: http://[2409:8087:1a0a:df::4038]/ottrrs.hl.chinamobile.com/TVOD/88888888/224/3221226011/index.m3u8, Date: None, Resolution: None, Response Time: 1313 ms
Name: CCTV-14, URL: http://[2409:8087:1a0a:df::4038]/ottrrs.hl.chinamobile.com/TVOD/88888888/224/3221225732/index.m3u8, Date: None, Resolution: None, Response Time: 1313 ms
Name: CCTV-14, URL: http://[2409:8087:1a0a:df::4038]/ottrrs.hl.chinamobile.com/TVOD/88888888/224/3221225732/index.m3u8, Date: None, Resolution: None, Response Time: 1313 ms
Name: CCTV-15, URL: http://[2409:8087:1a0a:df::4031]/ottrrs.hl.chinamobile.com/PLTV/88888888/224/3221225601/index.m3u8, Date: None, Resolution: None, Response Time: 3883 ms
Name: CCTV-15, URL: http://[2409:8087:1a0a:df::4038]/ottrrs.hl.chinamobile.com/TVOD/88888888/224/3221225601/index.m3u8, Date: None, Resolution: None, Response Time: 1313 ms
Name: CCTV-15, URL: http://[2409:8087:1a0a:df::4031]/ottrrs.hl.chinamobile.com/PLTV/88888888/224/3221225601/index.m3u8, Date: None, Resolution: None, Response Time: 3883 ms
Name: CCTV-15, URL: http://[2409:8087:1a0a:df::4038]/ottrrs.hl.chinamobile.com/TVOD/88888888/224/3221225601/index.m3u8, Date: None, Resolution: None, Response Time: 1313 ms
Name: CCTV-16, URL: http://[2409:8087:1a0a:df::4038]/ottrrs.hl.chinamobile.com/TVOD/88888888/224/3221226100/index.m3u8, Date: None, Resolution: None, Response Time: 1313 ms
Name: CCTV-16, URL: http://[2409:8087:1a0a:df::4038]/ottrrs.hl.chinamobile.com/TVOD/88888888/224/3221226100/index.m3u8, Date: None, Resolution: None, Response Time: 1313 ms
Name: CCTV-17, URL: http://[2409:8087:1a0a:df::4031]/ottrrs.hl.chinamobile.com/PLTV/88888888/224/3221225765/index.m3u8, Date: None, Resolution: None, Response Time: 3883 ms
Name: CCTV-17, URL: http://[2409:8087:1a0a:df::4038]/ottrrs.hl.chinamobile.com/TVOD/88888888/224/3221225765/index.m3u8, Date: None, Resolution: None, Response Time: 1313 ms
Name: CCTV-17, URL: http://[2409:8087:1a0a:df::4031]/ottrrs.hl.chinamobile.com/PLTV/88888888/224/3221225765/index.m3u8, Date: None, Resolution: None, Response Time: 3883 ms
Name: CCTV-17, URL: http://[2409:8087:1a0a:df::4038]/ottrrs.hl.chinamobile.com/TVOD/88888888/224/3221225765/index.m3u8, Date: None, Resolution: None, Response Time: 1313 ms
Name: 浙江卫视, URL: http://[2409:8087:1a0a:df::4038]/ottrrs.hl.chinamobile.com/TVOD/88888888/224/3221226339/index.m3u8, Date: None, Resolution: None, Response Time: 1313 ms
Name: 浙江卫视, URL: http://[2409:8087:1a0a:df::4038]:80/wh7f454c46tw2381060953_-1615294381/ottrrs.hl.chinamobile.com/PLTV/88888888/224/3221226339/index.m3u8?icpid=88888888&RTS=1713969210&from=4&hms_devid=1211&online=1713969210&vqe=3, Date: None, Resolution: None, Response Time: 1313 ms
Name: 浙江卫视, URL: http://[2409:8087:1a0a:df::4031]:80/ottrrs.hl.chinamobile.com/PLTV/88888888/224/3221226339/index.m3u8, Date: None, Resolution: None, Response Time: 3883 ms
Name: 浙江卫视, URL: http://[2409:8087:1a0a:df::4038]:80/wh7f454c46tw2381060953_-1615294381/ottrrs.hl.chinamobile.com/PLTV/88888888/224/3221226339/index.m3u8, Date: None, Resolution: None, Response Time: 1313 ms
Name: 浙江卫视, URL: http://[2409:8087:1a0a:df::4038]/ottrrs.hl.chinamobile.com/TVOD/88888888/224/3221226339/index.m3u8, Date: None, Resolution: None, Response Time: 1313 ms
Name: 浙江卫视, URL: http://[2409:8087:1a0a:df::4031]:80/ottrrs.hl.chinamobile.com/PLTV/88888888/224/3221226339/index.m3u8, Date: None, Resolution: None, Response Time: 3883 ms
Name: 浙江卫视, URL: http://[2409:8087:1a0a:df::4038]:80/wh7f454c46tw2381060953_-1615294381/ottrrs.hl.chinamobile.com/PLTV/88888888/224/3221226339/index.m3u8, Date: None, Resolution: None, Response Time: 1313 ms
Name: 浙江卫视, URL: http://[2409:8087:1a0a:df::4038]:80/wh7f454c46tw2381060953_-1615294381/ottrrs.hl.chinamobile.com/PLTV/88888888/224/3221226339/index.m3u8?icpid=88888888&RTS=1713969210&from=4&hms_devid=1211&online=1713969210&vqe=3, Date: None, Resolution: None, Response Time: 1313 ms
Name: 湖南卫视, URL: http://[2409:8087:1a0a:df::4031]:80/ottrrs.hl.chinamobile.com/PLTV/88888888/224/3221226307/index.m3u8, Date: None, Resolution: None, Response Time: 3883 ms
Name: 湖南卫视, URL: http://[2409:8087:1a0a:df::4031]:80/ottrrs.hl.chinamobile.com/PLTV/88888888/224/3221226307/index.m3u8, Date: None, Resolution: None, Response Time: 3883 ms
Name: 北京卫视, URL: http://[2409:8087:1a0a:df::4038]:80/wh7f454c46tw3547342772_34981265/ottrrs.hl.chinamobile.com/PLTV/88888888/224/3221226450/index.m3u8?icpid=88888888&RTS=1713970376&from=4&hms_devid=1211&online=1713970376&vqe=3, Date: None, Resolution: None, Response Time: 1313 ms
Name: 北京卫视, URL: http://[2409:8087:1a0a:df::4038]:80/wh7f454c46tw3547342772_34981265/ottrrs.hl.chinamobile.com/PLTV/88888888/224/3221226450/index.m3u8?icpid=88888888&RTS=1713970376&from=4&hms_devid=1211&online=1713970376&vqe=3, Date: None, Resolution: None, Response Time: 1313 ms
Name: 湖北卫视, URL: http://[2409:8087:1a0a:df::4031]:80/ottrrs.hl.chinamobile.com/PLTV/88888888/224/3221226477/index.m3u8, Date: None, Resolution: None, Response Time: 3883 ms
Name: 湖北卫视, URL: http://[2409:8087:1a0a:df::4031]:80/wh7f454c46tw2442481903_293409364/ottrrs.hl.chinamobile.com/PLTV/88888888/224/3221226477/index.m3u8?icpid=88888888&RTS=1713969271&from=4&hms_devid=1143&online=1713969271&vqe=3, Date: None, Resolution: None, Response Time: 3883 ms
Name: 湖北卫视, URL: http://[2409:8087:1a0a:df::4031]:80/wh7f454c46tw2442481903_293409364/ottrrs.hl.chinamobile.com/PLTV/88888888/224/3221226477/index.m3u8?icpid=88888888&RTS=1713969271&from=4&hms_devid=1143&online=1713969271&vqe=3, Date: None, Resolution: None, Response Time: 3883 ms
Name: 湖北卫视, URL: http://[2409:8087:1a0a:df::4031]:80/ottrrs.hl.chinamobile.com/PLTV/88888888/224/3221226477/index.m3u8, Date: None, Resolution: None, Response Time: 3883 ms
Name: 黑龙江卫视, URL: http://[2409:8087:1a0a:df::4031]:80/ottrrs.hl.chinamobile.com/PLTV/88888888/224/3221226327/index.m3u8, Date: None, Resolution: None, Response Time: 3883 ms
Name: 黑龙江卫视, URL: http://[2409:8087:1a0a:df::4031]:80/ottrrs.hl.chinamobile.com/PLTV/88888888/224/3221226327/index.m3u8, Date: None, Resolution: None, Response Time: 3883 ms
Name: 海南卫视, URL: http://[2409:8087:1a0a:df::4031]:80/ottrrs.hl.chinamobile.com/PLTV/88888888/224/3221226465/index.m3u8, Date: None, Resolution: None, Response Time: 3883 ms
Name: 海南卫视, URL: http://[2409:8087:1a0a:df::4031]:80/ottrrs.hl.chinamobile.com/PLTV/88888888/224/3221226465/index.m3u8, Date: None, Resolution: None, Response Time: 3883 ms
Name: 河北卫视, URL: http://[2409:8087:1a0a:df::4031]:80/ottrrs.hl.chinamobile.com/PLTV/88888888/224/3221226406/index.m3u8, Date: None, Resolution: None, Response Time: 3883 ms
Name: 河北卫视, URL: http://[2409:8087:1a0a:df::4031]:80/ottrrs.hl.chinamobile.com/PLTV/88888888/224/3221226406/index.m3u8, Date: None, Resolution: None, Response Time: 3883 ms
Name: 内蒙古卫视, URL: http://[2409:8087:1a0a:df::4038]/ottrrs.hl.chinamobile.com/TVOD/88888888/224/3221226389/index.m3u8, Date: None, Resolution: None, Response Time: 1313 ms
Name: 内蒙古卫视, URL: http://[2409:8087:1a0a:df::4038]/ottrrs.hl.chinamobile.com/TVOD/88888888/224/3221226389/index.m3u8, Date: None, Resolution: None, Response Time: 1313 ms
Name: 宁夏卫视, URL: http://[2409:8087:1a0a:df::4038]/ottrrs.hl.chinamobile.com/TVOD/88888888/224/3221226454/index.m3u8, Date: None, Resolution: None, Response Time: 1313 ms
Name: 宁夏卫视, URL: http://[2409:8087:1a0a:df::4038]/ottrrs.hl.chinamobile.com/TVOD/88888888/224/3221226454/index.m3u8, Date: None, Resolution: None, Response Time: 1313 ms
Name: 青海卫视, URL: http://[2409:8087:1a0a:df::4038]/ottrrs.hl.chinamobile.com/TVOD/88888888/224/3221226323/index.m3u8, Date: None, Resolution: None, Response Time: 1313 ms
Name: 青海卫视, URL: http://[2409:8087:1a0a:df::4038]/ottrrs.hl.chinamobile.com/TVOD/88888888/224/3221226323/index.m3u8, Date: None, Resolution: None, Response Time: 1313 ms
Name: 陕西卫视, URL: http://[2409:8087:1a0a:df::4031]:80/ottrrs.hl.chinamobile.com/PLTV/88888888/224/3221226457/index.m3u8, Date: None, Resolution: None, Response Time: 3883 ms
Name: 陕西卫视, URL: http://[2409:8087:1a0a:df::4031]:80/ottrrs.hl.chinamobile.com/PLTV/88888888/224/3221226457/index.m3u8, Date: None, Resolution: None, Response Time: 3883 ms
Name: 四川卫视, URL: http://[2409:8087:1a0a:df::4031]:80/ottrrs.hl.chinamobile.com/PLTV/88888888/224/3221226338/index.m3u8, Date: None, Resolution: None, Response Time: 3883 ms
Name: 四川卫视, URL: http://[2409:8087:1a0a:df::4031]:80/ottrrs.hl.chinamobile.com/PLTV/88888888/224/3221226338/index.m3u8, Date: None, Resolution: None, Response Time: 3883 ms
Name: 深圳卫视, URL: http://[2409:8087:1a0a:df::4038]/ottrrs.hl.chinamobile.com/TVOD/88888888/224/3221226510/index.m3u8, Date: None, Resolution: None, Response Time: 1313 ms
Name: 深圳卫视, URL: http://[2409:8087:1a0a:df::4038]/ottrrs.hl.chinamobile.com/TVOD/88888888/224/3221226313/index.m3u8, Date: None, Resolution: None, Response Time: 1313 ms
Name: 深圳卫视, URL: http://[2409:8087:1a0a:df::4038]/ottrrs.hl.chinamobile.com/TVOD/88888888/224/3221226510/index.m3u8, Date: None, Resolution: None, Response Time: 1313 ms
Name: 深圳卫视, URL: http://[2409:8087:1a0a:df::4038]/ottrrs.hl.chinamobile.com/TVOD/88888888/224/3221226313/index.m3u8, Date: None, Resolution: None, Response Time: 1313 ms
Name: 天津卫视, URL: http://[2409:8087:1a0a:df::4031]:80/ottrrs.hl.chinamobile.com/PLTV/88888888/224/3221226459/index.m3u8, Date: None, Resolution: None, Response Time: 3883 ms
Name: 天津卫视, URL: http://[2409:8087:1a0a:df::4031]:80/ottrrs.hl.chinamobile.com/PLTV/88888888/224/3221226459/index.m3u8, Date: None, Resolution: None, Response Time: 3883 ms
Name: 西藏卫视, URL: http://[2409:8087:1a0a:df::4038]/ottrrs.hl.chinamobile.com/TVOD/88888888/224/3221226433/index.m3u8, Date: None, Resolution: None, Response Time: 1313 ms
Name: 西藏卫视, URL: http://[2409:8087:1a0a:df::4038]/ottrrs.hl.chinamobile.com/TVOD/88888888/224/3221226433/index.m3u8, Date: None, Resolution: None, Response Time: 1313 ms
Name: 新疆卫视, URL: http://[2409:8087:1a0a:df::4038]/ottrrs.hl.chinamobile.com/TVOD/88888888/224/3221226460/index.m3u8, Date: None, Resolution: None, Response Time: 1313 ms
Name: 新疆卫视, URL: http://[2409:8087:1a0a:df::4038]/ottrrs.hl.chinamobile.com/TVOD/88888888/224/3221226460/index.m3u8, Date: None, Resolution: None, Response Time: 1313 ms
Name: 云南卫视, URL: http://[2409:8087:1a0a:df::4031]:80/ottrrs.hl.chinamobile.com/PLTV/88888888/224/3221226444/index.m3u8, Date: None, Resolution: None, Response Time: 3883 ms
Name: 云南卫视, URL: http://[2409:8087:1a0a:df::4038]/ottrrs.hl.chinamobile.com/TVOD/88888888/224/3221226444/index.m3u8, Date: None, Resolution: None, Response Time: 1313 ms
Name: 云南卫视, URL: http://[2409:8087:1a0a:df::4038]/ottrrs.hl.chinamobile.com/TVOD/88888888/224/3221226444/index.m3u8, Date: None, Resolution: None, Response Time: 1313 ms
Name: 云南卫视, URL: http://[2409:8087:1a0a:df::4031]:80/ottrrs.hl.chinamobile.com/PLTV/88888888/224/3221226444/index.m3u8, Date: None, Resolution: None, Response Time: 3883 ms
Name: CCTV-5, URL: http://[2409:8087:1a0a:df::4031]/ottrrs.hl.chinamobile.com/PLTV/88888888/224/3221226019/index.m3u8, Date: None, Resolution: None, Response Time: 3883 ms
Name: CCTV-5, URL: http://[2409:8087:1a0a:df::4038]/ottrrs.hl.chinamobile.com/TVOD/88888888/224/3221226019/index.m3u8, Date: None, Resolution: None, Response Time: 1313 ms
Name: CCTV-5, URL: http://[2409:8087:1a0a:df::4038]/ottrrs.hl.chinamobile.com/TVOD/88888888/224/3221226469/index.m3u8, Date: None, Resolution: None, Response Time: 1313 ms
Name: CCTV-5, URL: http://[2409:8087:1a0a:df::4038]/ottrrs.hl.chinamobile.com/TVOD/88888888/224/3221226019/index.m3u8, Date: None, Resolution: None, Response Time: 1313 ms
Name: CCTV-5, URL: http://[2409:8087:1a0a:df::4031]/ottrrs.hl.chinamobile.com/PLTV/88888888/224/3221226019/index.m3u8, Date: None, Resolution: None, Response Time: 3883 ms
Name: CCTV-5, URL: http://[2409:8087:1a0a:df::4038]/ottrrs.hl.chinamobile.com/TVOD/88888888/224/3221226469/index.m3u8, Date: None, Resolution: None, Response Time: 1313 ms
Name: CCTV-5+, URL: http://[2409:8087:1a0a:df::4031]/ottrrs.hl.chinamobile.com/PLTV/88888888/224/3221225603/index.m3u8, Date: None, Resolution: None, Response Time: 3883 ms
Name: CCTV-5+, URL: http://[2409:8087:1a0a:df::4038]/ottrrs.hl.chinamobile.com/TVOD/88888888/224/3221225603/index.m3u8, Date: None, Resolution: None, Response Time: 1313 ms
Name: CCTV-5+, URL: http://[2409:8087:1a0a:df::4038]/ottrrs.hl.chinamobile.com/TVOD/88888888/224/3221225603/index.m3u8, Date: None, Resolution: None, Response Time: 1313 ms
Name: CCTV-5+, URL: http://[2409:8087:1a0a:df::4031]/ottrrs.hl.chinamobile.com/PLTV/88888888/224/3221225603/index.m3u8, Date: None, Resolution: None, Response Time: 3883 ms
Name: CCTV-15, URL: http://[2409:8087:1a0a:df::4031]/ottrrs.hl.chinamobile.com/PLTV/88888888/224/3221225601/index.m3u8, Date: None, Resolution: None, Response Time: 3883 ms
Name: CCTV-15, URL: http://[2409:8087:1a0a:df::4038]/ottrrs.hl.chinamobile.com/TVOD/88888888/224/3221225601/index.m3u8, Date: None, Resolution: None, Response Time: 1313 ms
Name: CCTV-15, URL: http://[2409:8087:1a0a:df::4031]/ottrrs.hl.chinamobile.com/PLTV/88888888/224/3221225601/index.m3u8, Date: None, Resolution: None, Response Time: 3883 ms
Name: CCTV-15, URL: http://[2409:8087:1a0a:df::4038]/ottrrs.hl.chinamobile.com/TVOD/88888888/224/3221225601/index.m3u8, Date: None, Resolution: None, Response Time: 1313 ms
